c:\users\dakot\documents\coding\c++\finalproject\finalproject\finalproject\debug\finalproject.pch
c:\users\dakot\documents\coding\c++\finalproject\finalproject\finalproject\debug\vc141.pdb
c:\users\dakot\documents\coding\c++\finalproject\finalproject\finalproject\debug\vc141.idb
c:\users\dakot\documents\coding\c++\finalproject\finalproject\finalproject\debug\stdafx.obj
c:\users\dakot\documents\coding\c++\finalproject\finalproject\finalproject\debug\finalproject.obj
c:\users\dakot\documents\coding\c++\finalproject\finalproject\debug\finalproject.pdb
c:\users\dakot\documents\coding\c++\finalproject\finalproject\finalproject\debug\finalproject.tlog\cl.command.1.tlog
c:\users\dakot\documents\coding\c++\finalproject\finalproject\finalproject\debug\finalproject.tlog\cl.read.1.tlog
c:\users\dakot\documents\coding\c++\finalproject\finalproject\finalproject\debug\finalproject.tlog\cl.write.1.tlog
c:\users\dakot\documents\coding\c++\finalproject\finalproject\finalproject\debug\finalproject.tlog\link-cvtres.read.1.tlog
c:\users\dakot\documents\coding\c++\finalproject\finalproject\finalproject\debug\finalproject.tlog\link-cvtres.write.1.tlog
c:\users\dakot\documents\coding\c++\finalproject\finalproject\finalproject\debug\finalproject.tlog\link-rc.read.1.tlog
c:\users\dakot\documents\coding\c++\finalproject\finalproject\finalproject\debug\finalproject.tlog\link-rc.write.1.tlog
c:\users\dakot\documents\coding\c++\finalproject\finalproject\finalproject\debug\finalproject.tlog\link.21684-cvtres.read.1.tlog
c:\users\dakot\documents\coding\c++\finalproject\finalproject\finalproject\debug\finalproject.tlog\link.21684-cvtres.write.1.tlog
c:\users\dakot\documents\coding\c++\finalproject\finalproject\finalproject\debug\finalproject.tlog\link.21684-rc.read.1.tlog
c:\users\dakot\documents\coding\c++\finalproject\finalproject\finalproject\debug\finalproject.tlog\link.21684-rc.write.1.tlog
c:\users\dakot\documents\coding\c++\finalproject\finalproject\finalproject\debug\finalproject.tlog\link.21684.read.1.tlog
c:\users\dakot\documents\coding\c++\finalproject\finalproject\finalproject\debug\finalproject.tlog\link.21684.write.1.tlog
c:\users\dakot\documents\coding\c++\finalproject\finalproject\finalproject\debug\finalproject.tlog\link.command.1.tlog
c:\users\dakot\documents\coding\c++\finalproject\finalproject\finalproject\debug\finalproject.tlog\link.read.1.tlog
c:\users\dakot\documents\coding\c++\finalproject\finalproject\finalproject\debug\finalproject.tlog\link.write.1.tlog
